12/21/2020 04:39:24 PM - JobPostingFlowAddCompany - INFO: Element found with locator: //input[@formcontrolname='mobile_no'] and  locatorType: xpath
12/21/2020 04:39:24 PM - JobPostingFlowAddCompany - INFO: Sent data on element with locator: //input[@formcontrolname='mobile_no'] locatorType: xpath
12/21/2020 04:39:24 PM - JobPostingFlowAddCompany - INFO: Element found with locator: //input[@formcontrolname='mobile_no'] and  locatorType: xpath
12/21/2020 04:39:24 PM - JobPostingFlowAddCompany - INFO: Sent data on element with locator: //input[@formcontrolname='mobile_no'] locatorType: xpath
12/21/2020 04:39:27 PM - JobPostingFlowAddCompany - INFO: Element found with locator: //input[@formcontrolname='otp'] and  locatorType: xpath
12/21/2020 04:39:27 PM - JobPostingFlowAddCompany - INFO: Sent data on element with locator: //input[@formcontrolname='otp'] locatorType: xpath
12/21/2020 04:39:27 PM - JobPostingFlowAddCompany - INFO: Element found with locator: //input[@formcontrolname='otp'] and  locatorType: xpath
12/21/2020 04:39:27 PM - JobPostingFlowAddCompany - INFO: Sent data on element with locator: //input[@formcontrolname='otp'] locatorType: xpath
12/21/2020 04:39:30 PM - JobPostingFlowAddCompany - INFO: Element found with locator: //button[@tabindex='0' ]/b[contains(text(),'+')] and  locatorType: xpath
12/21/2020 04:39:30 PM - JobPostingFlowAddCompany - INFO: Clicked on element with locator: //button[@tabindex='0' ]/b[contains(text(),'+')] locatorType: xpath
12/21/2020 04:39:30 PM - JobPostingFlowAddCompany - INFO: Element found with locator: (//div[@class='ng-input']/input[@role='combobox'])[1] and  locatorType: xpath
12/21/2020 04:39:30 PM - JobPostingFlowAddCompany - INFO: Clicked on element with locator: (//div[@class='ng-input']/input[@role='combobox'])[1] locatorType: xpath
12/21/2020 04:39:31 PM - JobPostingFlowAddCompany - INFO: Element found with locator: //div[@role='option']/div/div/div[contains(text(),'Sales & Business Development')] and  locatorType: xpath
12/21/2020 04:39:32 PM - JobPostingFlowAddCompany - INFO: Clicked on element with locator: //div[@role='option']/div/div/div[contains(text(),'Sales & Business Development')] locatorType: xpath
12/21/2020 04:39:34 PM - JobPostingFlowAddCompany - INFO: Element found with locator: (//div[@class='ng-input']/input[@role='combobox'])[2] and  locatorType: xpath
12/21/2020 04:39:34 PM - JobPostingFlowAddCompany - INFO: Clicked on element with locator: (//div[@class='ng-input']/input[@role='combobox'])[2] locatorType: xpath
12/21/2020 04:39:34 PM - JobPostingFlowAddCompany - INFO: Element found with locator: //div[@role='option']/span[contains(text(),'Retail')] and  locatorType: xpath
12/21/2020 04:39:34 PM - JobPostingFlowAddCompany - INFO: Clicked on element with locator: //div[@role='option']/span[contains(text(),'Retail')] locatorType: xpath
12/21/2020 04:39:36 PM - JobPostingFlowAddCompany - INFO: Element found with locator: (//div[@class='ng-input']/input[@role='combobox'])[3] and  locatorType: xpath
12/21/2020 04:39:36 PM - JobPostingFlowAddCompany - INFO: Clicked on element with locator: (//div[@class='ng-input']/input[@role='combobox'])[3] locatorType: xpath
12/21/2020 04:39:38 PM - JobPostingFlowAddCompany - INFO: Element found with locator: //div[@role='option']/div[contains(text(),'Area Sales Officer')] and  locatorType: xpath
12/21/2020 04:39:38 PM - JobPostingFlowAddCompany - INFO: Clicked on element with locator: //div[@role='option']/div[contains(text(),'Area Sales Officer')] locatorType: xpath
12/21/2020 04:39:40 PM - JobPostingFlowAddCompany - INFO: Element found with locator: //div/ngx-location/input[@class='mb-2 custom pl-0 ng-star-inserted'] and  locatorType: xpath
12/21/2020 04:39:40 PM - JobPostingFlowAddCompany - INFO: Sent data on element with locator: //div/ngx-location/input[@class='mb-2 custom pl-0 ng-star-inserted'] locatorType: xpath
12/21/2020 04:39:42 PM - JobPostingFlowAddCompany - INFO: Element found with locator: //nb-list-item[@role='listitem']/div/b[contains(text(),'Bengaluru')] and  locatorType: xpath
12/21/2020 04:39:42 PM - JobPostingFlowAddCompany - INFO: Clicked on element with locator: //nb-list-item[@role='listitem']/div/b[contains(text(),'Bengaluru')] locatorType: xpath
12/21/2020 04:39:44 PM - JobPostingFlowAddCompany - INFO: Element not found with locator: //span[@class='switch switch-small checked']/small and  locatorType: xpath
12/21/2020 04:39:44 PM - JobPostingFlowAddCompany - INFO: Cannot click on the element with locator: //span[@class='switch switch-small checked']/small locatorType: xpath
12/21/2020 04:39:46 PM - JobPostingFlowAddCompany - INFO: Element not found with locator: //button[@status='danger' and @tabindex='0'  and contains(text(),'NEXT')] and  locatorType: xpath
12/21/2020 04:39:46 PM - JobPostingFlowAddCompany - INFO: Cannot click on the element with locator: //button[@status='danger' and @tabindex='0'  and contains(text(),'NEXT')] locatorType: xpath
