12/22/2020 05:37:37 PM - JobPostingFlow - INFO: Element found with locator: //input[@formcontrolname='mobile_no'] and  locatorType: xpath
12/22/2020 05:37:37 PM - JobPostingFlow - INFO: Sent data on element with locator: //input[@formcontrolname='mobile_no'] locatorType: xpath
12/22/2020 05:37:37 PM - JobPostingFlow - INFO: Element found with locator: //input[@formcontrolname='mobile_no'] and  locatorType: xpath
12/22/2020 05:37:37 PM - JobPostingFlow - INFO: Sent data on element with locator: //input[@formcontrolname='mobile_no'] locatorType: xpath
12/22/2020 05:37:41 PM - JobPostingFlow - INFO: Element found with locator: //input[@formcontrolname='otp'] and  locatorType: xpath
12/22/2020 05:37:41 PM - JobPostingFlow - INFO: Sent data on element with locator: //input[@formcontrolname='otp'] locatorType: xpath
12/22/2020 05:37:41 PM - JobPostingFlow - INFO: Element found with locator: //input[@formcontrolname='otp'] and  locatorType: xpath
12/22/2020 05:37:41 PM - JobPostingFlow - INFO: Sent data on element with locator: //input[@formcontrolname='otp'] locatorType: xpath
12/22/2020 05:37:44 PM - JobPostingFlow - INFO: Element found with locator: //button[@tabindex='0' ]/b[contains(text(),'+')] and  locatorType: xpath
12/22/2020 05:37:44 PM - JobPostingFlow - INFO: Clicked on element with locator: //button[@tabindex='0' ]/b[contains(text(),'+')] locatorType: xpath
12/22/2020 05:37:44 PM - JobPostingFlow - INFO: Element found with locator: (//div[@class='ng-input']/input[@role='combobox'])[1] and  locatorType: xpath
12/22/2020 05:37:44 PM - JobPostingFlow - INFO: Clicked on element with locator: (//div[@class='ng-input']/input[@role='combobox'])[1] locatorType: xpath
12/22/2020 05:37:45 PM - JobPostingFlow - INFO: Element found with locator: //div[@role='option']/div/div/div[contains(text(),'Sales & Business Development')] and  locatorType: xpath
12/22/2020 05:37:45 PM - JobPostingFlow - INFO: Clicked on element with locator: //div[@role='option']/div/div/div[contains(text(),'Sales & Business Development')] locatorType: xpath
12/22/2020 05:37:47 PM - JobPostingFlow - INFO: Element found with locator: (//div[@class='ng-input']/input[@role='combobox'])[2] and  locatorType: xpath
12/22/2020 05:37:47 PM - JobPostingFlow - INFO: Clicked on element with locator: (//div[@class='ng-input']/input[@role='combobox'])[2] locatorType: xpath
12/22/2020 05:37:47 PM - JobPostingFlow - INFO: Element found with locator: //div[@role='option']/span[contains(text(),'Retail')] and  locatorType: xpath
12/22/2020 05:37:47 PM - JobPostingFlow - INFO: Clicked on element with locator: //div[@role='option']/span[contains(text(),'Retail')] locatorType: xpath
12/22/2020 05:37:49 PM - JobPostingFlow - INFO: Element found with locator: (//div[@class='ng-input']/input[@role='combobox'])[3] and  locatorType: xpath
12/22/2020 05:37:50 PM - JobPostingFlow - INFO: Clicked on element with locator: (//div[@class='ng-input']/input[@role='combobox'])[3] locatorType: xpath
12/22/2020 05:37:52 PM - JobPostingFlow - INFO: Element found with locator: //div[@role='option']/div[contains(text(),'Area Sales Officer')] and  locatorType: xpath
12/22/2020 05:37:52 PM - JobPostingFlow - INFO: Clicked on element with locator: //div[@role='option']/div[contains(text(),'Area Sales Officer')] locatorType: xpath
12/22/2020 05:37:54 PM - JobPostingFlow - INFO: Element found with locator: //div/ngx-location/input[@class='mb-2 custom pl-0 ng-star-inserted'] and  locatorType: xpath
12/22/2020 05:37:54 PM - JobPostingFlow - INFO: Sent data on element with locator: //div/ngx-location/input[@class='mb-2 custom pl-0 ng-star-inserted'] locatorType: xpath
12/22/2020 05:37:56 PM - JobPostingFlow - INFO: Element found with locator: //nb-list-item[@role='listitem']/div/b[contains(text(),'Bengaluru')] and  locatorType: xpath
12/22/2020 05:37:56 PM - JobPostingFlow - INFO: Clicked on element with locator: //nb-list-item[@role='listitem']/div/b[contains(text(),'Bengaluru')] locatorType: xpath
12/22/2020 05:37:58 PM - JobPostingFlow - INFO: Element found with locator: //button[@status='danger' and @tabindex='0'  and contains(text(),'NEXT')] and  locatorType: xpath
12/22/2020 05:37:58 PM - JobPostingFlow - INFO: Clicked on element with locator: //button[@status='danger' and @tabindex='0'  and contains(text(),'NEXT')] locatorType: xpath
12/22/2020 05:38:00 PM - JobPostingFlow - INFO: Element found with locator: //button[@status='danger' and @tabindex='0'  and contains(text(),'NEXT')] and  locatorType: xpath
12/22/2020 05:38:00 PM - JobPostingFlow - INFO: Clicked on element with locator: //button[@status='danger' and @tabindex='0'  and contains(text(),'NEXT')] locatorType: xpath
12/22/2020 05:38:02 PM - JobPostingFlow - INFO: Element found with locator: //button[@status='danger' and @tabindex='0'  and contains(text(),'NEXT')] and  locatorType: xpath
12/22/2020 05:38:02 PM - JobPostingFlow - INFO: Clicked on element with locator: //button[@status='danger' and @tabindex='0'  and contains(text(),'NEXT')] locatorType: xpath
12/22/2020 05:38:05 PM - JobPostingFlow - INFO: Element found with locator: //button[@status='danger' and @tabindex='0'  and contains(text(),'NEXT')] and  locatorType: xpath
12/22/2020 05:38:06 PM - JobPostingFlow - INFO: Clicked on element with locator: //button[@status='danger' and @tabindex='0'  and contains(text(),'NEXT')] locatorType: xpath
12/22/2020 05:38:06 PM - JobPostingFlow - INFO: Element found with locator: //button[@status='danger' and @tabindex='0'  and contains(text(),'NEXT')] and  locatorType: xpath
12/22/2020 05:38:06 PM - JobPostingFlow - INFO: Clicked on element with locator: //button[@status='danger' and @tabindex='0'  and contains(text(),'NEXT')] locatorType: xpath
12/22/2020 05:38:09 PM - JobPostingFlow - INFO: Element found with locator: //button[@status='danger' and @tabindex='0'  and contains(text(),'Publish Job')] and  locatorType: xpath
12/22/2020 05:38:09 PM - JobPostingFlow - INFO: Clicked on element with locator: //button[@status='danger' and @tabindex='0'  and contains(text(),'Publish Job')] locatorType: xpath
12/22/2020 05:38:12 PM - JobPostingFlow - INFO: Element found with locator: //button[@tabindex='0' and contains(text(),'View suggested candidates for this job')] and  locatorType: xpath
12/22/2020 05:38:12 PM - JobPostingFlow - INFO: Clicked on element with locator: //button[@tabindex='0' and contains(text(),'View suggested candidates for this job')] locatorType: xpath
12/22/2020 05:38:17 PM - JobPostingFlow - INFO: Element found with locator: (//button[@tabindex='0']/img[@src='assets/svgs/call-white.svg'])[1] and  locatorType: xpath
12/22/2020 05:38:17 PM - JobPostingFlow - INFO: Clicked on element with locator: (//button[@tabindex='0']/img[@src='assets/svgs/call-white.svg'])[1] locatorType: xpath
